2023-03-02 17:33:25 Loading main app package /usr/lib/obsidian/obsidian.asar
2023-03-02 17:33:26 Checking for update using Github
2023-03-02 17:33:26 Success.
2023-03-02 17:33:26 Latest version is 1.1.16
2023-03-02 17:33:26 Downloading update from https://github.com/obsidianmd/obsidian-releases/releases/download/v1.1.16/obsidian-1.1.16.asar.gz
2023-03-02 17:33:27 Verifying hash & signature. Size= 5766915
2023-03-02 17:33:27 Saving file
2023-03-02 17:33:27 Update complete.
2023-03-02 17:33:45 Loading updated app package /home/mjpc13/.config/obsidian/obsidian-1.1.16.asar
2023-03-02 17:33:45 Checking for update using Github
2023-03-02 17:33:45 Success.
2023-03-02 17:33:45 Latest version is 1.1.16
2023-03-02 17:33:45 App is up to date.
2023-03-02 17:34:06 Loading updated app package /home/mjpc13/.config/obsidian/obsidian-1.1.16.asar
2023-03-02 17:34:06 Checking for update using Github
2023-03-02 17:34:06 Success.
2023-03-02 17:34:06 Latest version is 1.1.16
2023-03-02 17:34:06 App is up to date.
2023-03-02 17:36:22 Loading updated app package /home/mjpc13/.config/obsidian/obsidian-1.1.16.asar
2023-03-02 17:36:22 Checking for update using Github
2023-03-02 17:36:22 Success.
2023-03-02 17:36:22 Latest version is 1.1.16
2023-03-02 17:36:22 App is up to date.
2023-03-02 18:50:30 Loading updated app package /home/mjpc13/.config/obsidian/obsidian-1.1.16.asar
2023-03-02 18:50:30 Checking for update using Github
2023-03-02 18:50:30 Success.
2023-03-02 18:50:30 Latest version is 1.1.16
2023-03-02 18:50:30 App is up to date.
2023-03-03 11:26:11 Loading updated app package /home/mjpc13/.config/obsidian/obsidian-1.1.16.asar
2023-03-03 11:26:12 Checking for update using Github
2023-03-03 11:26:12 Success.
2023-03-03 11:26:12 Latest version is 1.1.16
2023-03-03 11:26:12 App is up to date.
2023-03-03 12:26:11 Checking for update using Github
2023-03-03 12:26:11 Success.
2023-03-03 12:26:11 Latest version is 1.1.16
2023-03-03 12:26:11 App is up to date.
2023-03-03 13:26:11 Checking for update using Github
2023-03-03 13:26:12 Success.
2023-03-03 13:26:12 Latest version is 1.1.16
2023-03-03 13:26:12 App is up to date.
2023-03-03 14:26:12 Checking for update using Github
2023-03-03 14:26:12 Success.
2023-03-03 14:26:12 Latest version is 1.1.16
2023-03-03 14:26:12 App is up to date.
2023-03-03 15:26:12 Checking for update using Github
2023-03-03 15:26:12 Success.
2023-03-03 15:26:12 Latest version is 1.1.16
2023-03-03 15:26:12 App is up to date.
2023-03-06 11:09:01 Loading main app package /usr/lib/obsidian/obsidian.asar
2023-03-06 11:09:01 Checking for update using Github
2023-03-06 11:09:01 Success.
2023-03-06 11:09:01 Latest version is 1.1.16
2023-03-06 11:09:01 App is up to date.
2023-03-06 12:09:01 Checking for update using Github
2023-03-06 12:09:01 Success.
2023-03-06 12:09:01 Latest version is 1.1.16
2023-03-06 12:09:01 App is up to date.
2023-03-06 13:09:01 Checking for update using Github
2023-03-06 13:09:01 Success.
2023-03-06 13:09:01 Latest version is 1.1.16
2023-03-06 13:09:01 App is up to date.
2023-03-06 14:09:01 Checking for update using Github
2023-03-06 14:09:01 Success.
2023-03-06 14:09:01 Latest version is 1.1.16
2023-03-06 14:09:01 App is up to date.
2023-03-06 15:09:01 Checking for update using Github
2023-03-06 15:09:01 Success.
2023-03-06 15:09:01 Latest version is 1.1.16
2023-03-06 15:09:01 App is up to date.
2023-03-06 16:09:01 Checking for update using Github
2023-03-06 16:09:01 Success.
2023-03-06 16:09:01 Latest version is 1.1.16
2023-03-06 16:09:01 App is up to date.
